<?xml version="1.0" encoding="UTF-8"?>
<testng-results skipped="0" failed="1" ignored="0" total="1" passed="0">
  <reporter-output>
  </reporter-output>
  <suite name="Default suite" duration-ms="2181" started-at="2018-04-30T08:28:24Z" finished-at="2018-04-30T08:28:26Z">
    <groups>
    </groups>
    <test name="Default test" duration-ms="2181" started-at="2018-04-30T08:28:24Z" finished-at="2018-04-30T08:28:26Z">
      <class name="com.rameshsoft.automation.businessscripts.GmailTest">
        <test-method status="PASS" signature="openBrowser(java.lang.String)[pri:0, instance:com.rameshsoft.automation.businessscripts.GmailTest@462d5aee]" name="openBrowser" is-config="true" duration-ms="5090" started-at="2018-04-30T08:28:19Z" finished-at="2018-04-30T08:28:24Z">
          <params>
            <param index="0">
              <value>
                <![CDATA[chrome]]>
              </value>
            </param>
          </params>
          <reporter-output>
          </reporter-output>
        </test-method> <!-- openBrowser -->
        <test-method status="PASS" signature="initExtReport()[pri:0, instance:com.rameshsoft.automation.businessscripts.GmailTest@462d5aee]" name="initExtReport" is-config="true" duration-ms="375" started-at="2018-04-30T08:28:24Z" finished-at="2018-04-30T08:28:24Z">
          <reporter-output>
          </reporter-output>
        </test-method> <!-- initExtReport -->
        <test-method status="FAIL" signature="gmailTest()[pri:0, instance:com.rameshsoft.automation.businessscripts.GmailTest@462d5aee]" name="gmailTest" duration-ms="15" started-at="2018-04-30T08:28:24Z" finished-at="2018-04-30T08:28:24Z">
          <exception class="java.io.FileNotFoundException">
            <message>
              <![CDATA[D:\selenium workspace\Framework\src\com\rameshsoft\automation\objectrepository\OR.properties (The system cannot find the path specified)]]>
            </message>
            <full-stacktrace>
              <![CDATA[java.io.FileNotFoundException: D:\selenium workspace\Framework\src\com\rameshsoft\automation\objectrepository\OR.properties (The system cannot find the path specified)
at java.io.FileInputStream.open0(Native Method)
at java.io.FileInputStream.open(FileInputStream.java:195)
at java.io.FileInputStream.<init>(FileInputStream.java:138)
at java.io.FileInputStream.<init>(FileInputStream.java:93)
at com.rameshsoft.automation.supporters.PropertiesUtility.<init>(PropertiesUtility.java:20)
at com.rameshsoft.automation.businessscripts.GmailTest.gmailTest(GmailTest.java:23)
at sun.reflect.NativeMethodAccessorImpl.invoke0(Native Method)
at sun.reflect.NativeMethodAccessorImpl.invoke(NativeMethodAccessorImpl.java:62)
at sun.reflect.DelegatingMethodAccessorImpl.invoke(DelegatingMethodAccessorImpl.java:43)
at java.lang.reflect.Method.invoke(Method.java:498)
at org.testng.internal.MethodInvocationHelper.invokeMethod(MethodInvocationHelper.java:124)
at org.testng.internal.Invoker.invokeMethod(Invoker.java:583)
at org.testng.internal.Invoker.invokeTestMethod(Invoker.java:719)
at org.testng.internal.Invoker.invokeTestMethods(Invoker.java:989)
at org.testng.internal.TestMethodWorker.invokeTestMethods(TestMethodWorker.java:125)
at org.testng.internal.TestMethodWorker.run(TestMethodWorker.java:109)
at org.testng.TestRunner.privateRun(TestRunner.java:648)
at org.testng.TestRunner.run(TestRunner.java:505)
at org.testng.SuiteRunner.runTest(SuiteRunner.java:455)
at org.testng.SuiteRunner.runSequentially(SuiteRunner.java:450)
at org.testng.SuiteRunner.privateRun(SuiteRunner.java:415)
at org.testng.SuiteRunner.run(SuiteRunner.java:364)
at org.testng.SuiteRunnerWorker.runSuite(SuiteRunnerWorker.java:52)
at org.testng.SuiteRunnerWorker.run(SuiteRunnerWorker.java:84)
at org.testng.TestNG.runSuitesSequentially(TestNG.java:1208)
at org.testng.TestNG.runSuitesLocally(TestNG.java:1137)
at org.testng.TestNG.runSuites(TestNG.java:1049)
at org.testng.TestNG.run(TestNG.java:1017)
at org.testng.remote.AbstractRemoteTestNG.run(AbstractRemoteTestNG.java:114)
at org.testng.remote.RemoteTestNG.initAndRun(RemoteTestNG.java:251)
at org.testng.remote.RemoteTestNG.main(RemoteTestNG.java:77)
]]>
            </full-stacktrace>
          </exception> <!-- java.io.FileNotFoundException -->
          <reporter-output>
          </reporter-output>
        </test-method> <!-- gmailTest -->
        <test-method status="PASS" signature="beforeTCExecution(org.testng.ITestResult)[pri:0, instance:com.rameshsoft.automation.businessscripts.GmailTest@462d5aee]" name="beforeTCExecution" is-config="true" duration-ms="0" started-at="2018-04-30T08:28:24Z" finished-at="2018-04-30T08:28:24Z">
          <params>
            <param index="0">
              <value>
                <![CDATA[[TestResult name=gmailTest status=FAILURE method=GmailTest.gmailTest()[pri:0, instance:com.rameshsoft.automation.businessscripts.GmailTest@462d5aee] output={null}]]]>
              </value>
            </param>
          </params>
          <reporter-output>
          </reporter-output>
        </test-method> <!-- beforeTCExecution -->
        <test-method status="PASS" signature="afterTCExecution(org.testng.ITestResult)[pri:0, instance:com.rameshsoft.automation.businessscripts.GmailTest@462d5aee]" name="afterTCExecution" is-config="true" duration-ms="1608" started-at="2018-04-30T08:28:24Z" finished-at="2018-04-30T08:28:26Z">
          <params>
            <param index="0">
              <value>
                <![CDATA[[TestResult name=gmailTest status=FAILURE method=GmailTest.gmailTest()[pri:0, instance:com.rameshsoft.automation.businessscripts.GmailTest@462d5aee] output={null}]]]>
              </value>
            </param>
          </params>
          <reporter-output>
          </reporter-output>
        </test-method> <!-- afterTCExecution -->
        <test-method status="PASS" signature="endExtReport()[pri:0, instance:com.rameshsoft.automation.businessscripts.GmailTest@462d5aee]" name="endExtReport" is-config="true" duration-ms="94" started-at="2018-04-30T08:28:26Z" finished-at="2018-04-30T08:28:26Z">
          <reporter-output>
          </reporter-output>
        </test-method> <!-- endExtReport -->
        <test-method status="PASS" signature="closeBrowser()[pri:0, instance:com.rameshsoft.automation.businessscripts.GmailTest@462d5aee]" name="closeBrowser" is-config="true" duration-ms="220" started-at="2018-04-30T08:28:26Z" finished-at="2018-04-30T08:28:26Z">
          <reporter-output>
          </reporter-output>
        </test-method> <!-- closeBrowser -->
      </class> <!-- com.rameshsoft.automation.businessscripts.GmailTest -->
    </test> <!-- Default test -->
  </suite> <!-- Default suite -->
</testng-results>
